<?xml version="1.0" encoding="UTF-8"?>
<!-- Generated by org.testng.reporters.JUnitReportReporter -->
<testsuite skipped="0" hostname="DESKTOP-BPT51H9" name="testCases.TC_HomePage_001" tests="1" failures="0" timestamp="17 May 2020 09:48:34 GMT" time="25.693" errors="0">
  <testcase name="homePageSearchItem" time="25.693" classname="testCases.TC_HomePage_001"/>
</testsuite> <!-- testCases.TC_HomePage_001 -->
